Unknown:
D:\1\cst\1\Result\Model.log
D:\1\cst\1\Result\Model.sa
D:\1\cst\1\Result\Port1_e1(#0000).sct
D:\1\cst\1\Result\Port1_eInfo1(#0000).pmf
D:\1\cst\1\Result\Port1_h1(#0000).sct
D:\1\cst\1\Result\Port1_hInfo1(#0000).pmf
D:\1\cst\1\Result\Port2_e1(#0000).sct
D:\1\cst\1\Result\Port2_eInfo1(#0000).pmf
D:\1\cst\1\Result\Port2_h1(#0000).sct
D:\1\cst\1\Result\Port2_hInfo1(#0000).pmf
D:\1\cst\1\Result\SolCoef(#0000)_1(1).scf
D:\1\cst\1\Result\SolCoef(#0000)_2(1).scf
D:\1\cst\1\Result\SolCoef(#0001)_1(1).scf
D:\1\cst\1\Result\SolCoef(#0001)_2(1).scf
D:\1\cst\1\Result\SolCoef(#0002)_1(1).scf
D:\1\cst\1\Result\SolCoef(#0002)_2(1).scf
D:\1\cst\1\Result\SolCoef(#0003)_1(1).scf
D:\1\cst\1\Result\SolCoef(#0003)_2(1).scf
D:\1\cst\1\Result\SolCoef(#0004)_1(1).scf
D:\1\cst\1\Result\SolCoef(#0004)_2(1).scf
D:\1\cst\1\Result\SolCoef(#0005)_1(1).scf
D:\1\cst\1\Result\SolCoef(#0005)_2(1).scf
Mesh:
D:\1\cst\1\Result\3do.slim
D:\1\cst\1\Result\log.tet
D:\1\cst\1\Result\Mesh_Input.Entities2Mesh.tet
D:\1\cst\1\Result\Mesh_Input.Options.tet
D:\1\cst\1\Result\Mesh_Input.QuasiModel.tet
D:\1\cst\1\Result\Mesh_Output.QuasiModel.tet
D:\1\cst\1\Result\Mesh_Output.U2F.tet
D:\1\cst\1\Result\mir.tet
D:\1\cst\1\Result\moegeom.tet
D:\1\cst\1\Result\Port1.slim
D:\1\cst\1\Result\Port2.slim
D:\1\cst\1\Result\refinementparents.tet
D:\1\cst\1\Result\reftags.tet
D:\1\cst\1\Result\tetquality.tet
D:\1\cst\1\Result\topot.tet
Port:
D:\1\cst\1\Result\Model.pmi
