21/Mar/2021 10:30:23  Units settings: 
                      
                        Dimensions: mm
                        Frequency:  GHz
                        Time:       ns
                      
                      ------------------------------------------------------------------------------
21/Mar/2021 10:30:23  Boundary conditions: 
                      
                        YZsymmetry: none
                        XZsymmetry: none
                        XYsymmetry: none
                      
                        Xmin: electric
                        Xmax: electric
                      
                        Ymin: electric
                        Ymax: electric
                      
                        Zmin: electric
                        Zmax: electric
                      
                      ------------------------------------------------------------------------------
21/Mar/2021 10:30:23  Order settings: 
                      
                        Solver order   : 2nd (constant)
                        Curved elements: up to order 3 (automatic)
                      
                      ------------------------------------------------------------------------------
21/Mar/2021 10:30:23    Mesh time                :	2 s
                      
                      
                      ------------------------------------------------------------------------------
21/Mar/2021 10:30:24  
                      ================================================================================
                      Frequency Domain Solver calculation cycle started
                      
                      ------------------------------------------------------------------------------
21/Mar/2021 10:30:24  Solver started at: 10:30 AM Sunday, 21. March 2021 (中国标准时间)
                      
                        Module:  Frequency Domain: S-Parameter (Win 64)
                        Version: 2021.1 Release from 2020-11-10 (change 826605)
                      
                      ------------------------------------------------------------------------------
21/Mar/2021 10:30:24    Calculation 1 of 1 (Frequency: 10 GHz)
                      
                      
                      ------------------------------------------------------------------------------
21/Mar/2021 10:30:24  Automatically activated electric shielding for ports 1, 2.
                      
                      ------------------------------------------------------------------------------
21/Mar/2021 10:30:24  *** Warning ***
                      
21/Mar/2021 10:30:24  At least one propagating mode is not considered at port 1. 
                      
                      ------------------------------------------------------------------------------
21/Mar/2021 10:30:24  *** Warning ***
                      
21/Mar/2021 10:30:24  At least one propagating mode is not considered at port 2. 
                      
                      ------------------------------------------------------------------------------
21/Mar/2021 10:30:25    ----------------------------------------------------------------------------
                        Port   Mode   Type        Z-Wave        Z-Wave-Sigma  Z-Line        F-Cutoff
                        1      1      TE          569           0             ---           7.493
                        2      1      TE          569           0             ---           7.493
                        ----------------------------------------------------------------------------
                      
                      
                      ------------------------------------------------------------------------------
21/Mar/2021 10:30:25  The wavelength based mesh refinement has been applied to 4.5% of all mesh edges.
                      
                      ------------------------------------------------------------------------------
21/Mar/2021 10:30:25  Adaptive mesh refinement pass 1
                      
                      ------------------------------------------------------------------------------
21/Mar/2021 10:30:25  Performing block excitation with block size 2 and 4 threads.  More...
                      
                      ------------------------------------------------------------------------------
21/Mar/2021 10:30:25    Matrix setup time        :	0 s
                        Degrees of freedom       :	1740
                        Number of mesh cells     :	334
                      
                        Stimulation port         :	1
                        Mode number              :	1
                        Accuracy                 :	4.77687e-05
                        Iterations               :	29
                        Solver time              :	0 s
                      
                      
                      ------------------------------------------------------------------------------
21/Mar/2021 10:30:25    Stimulation port         :	2
                        Mode number              :	1
                        Accuracy                 :	5.09451e-05
                        Iterations               :	29
                        Solver time              :	0 s
                      
                      
                      ------------------------------------------------------------------------------
21/Mar/2021 10:30:25  32% of all mesh edges seem to be longer than expected. The adaptive mesh refinement's growth limitation will therefore 
                      use 981 instead of 260 mesh cells as a reference.
                      
                      ------------------------------------------------------------------------------
21/Mar/2021 10:30:26  Adaptive mesh refinement pass 2
                      
                      ------------------------------------------------------------------------------
21/Mar/2021 10:30:26    Matrix setup time        :	0 s
                        Degrees of freedom       :	3642
                        Number of mesh cells     :	646
                      
                        Stimulation port         :	1
                        Mode number              :	1
                        Accuracy                 :	1.69877e-05
                        Iterations               :	24
                        Solver time              :	0 s
                      
                      
                      ------------------------------------------------------------------------------
21/Mar/2021 10:30:26    Stimulation port         :	2
                        Mode number              :	1
                        Accuracy                 :	2.45316e-05
                        Iterations               :	24
                        Solver time              :	0 s
                      
                      
                      ------------------------------------------------------------------------------
21/Mar/2021 10:30:26    Delta calculation        
21/Mar/2021 10:30:26    All S-Parameters         :	0.0072735

                      ------------------------------------------------------------------------------
21/Mar/2021 10:30:26  Adaptive mesh refinement pass 3
                      
                      ------------------------------------------------------------------------------
21/Mar/2021 10:30:26    Matrix setup time        :	0 s
                        Degrees of freedom       :	5364
                        Number of mesh cells     :	960
                      
                        Stimulation port         :	1
                        Mode number              :	1
                        Accuracy                 :	7.58608e-05
                        Iterations               :	12
                        Solver time              :	0 s
                      
                      
                      ------------------------------------------------------------------------------
21/Mar/2021 10:30:26    Stimulation port         :	2
                        Mode number              :	1
                        Accuracy                 :	9.55538e-05
                        Iterations               :	13
                        Solver time              :	0 s
                      
                      
                      ------------------------------------------------------------------------------
21/Mar/2021 10:30:27    Delta calculation        
21/Mar/2021 10:30:27    All S-Parameters         :	0.0144213

                      ------------------------------------------------------------------------------
21/Mar/2021 10:30:27  Mesh adaptation terminated because the desired accuracy limit is reached.
                      
                      ------------------------------------------------------------------------------
21/Mar/2021 10:30:28    Generating results       :	1 s
                      
                        Total time               :	4 s
                      
                      ------------------------------------------------------------------------------

                      ------------------------------------------------------------------------------
21/Mar/2021 10:30:28    Calculation 2 (Frequency: 6.6 GHz)
                      
                      
                      ------------------------------------------------------------------------------
21/Mar/2021 10:30:28    ----------------------------------------------------------------------------
                        Port   Mode   Type        Z-Wave        Z-Wave-Sigma  Z-Line        F-Cutoff
                        1      1      TE          569           0             ---           7.493
                        2      1      TE          569           0             ---           7.493
                        ----------------------------------------------------------------------------
                      
                      
                      ------------------------------------------------------------------------------
21/Mar/2021 10:30:28    Matrix setup time        :	0 s
                        Degrees of freedom       :	5364
                        Number of mesh cells     :	960
                      
                        Stimulation port         :	1
                        Mode number              :	1
                        Accuracy                 :	2.08837e-05
                        Iterations               :	10
                        Solver time              :	0 s
                      
                      
                      ------------------------------------------------------------------------------
21/Mar/2021 10:30:28    Stimulation port         :	2
                        Mode number              :	1
                        Accuracy                 :	2.37777e-05
                        Iterations               :	10
                        Solver time              :	0 s
                      
                      
                      ------------------------------------------------------------------------------
21/Mar/2021 10:30:28    Total time               :	0 s
                      
                      ------------------------------------------------------------------------------

                      ------------------------------------------------------------------------------
21/Mar/2021 10:30:28    Calculation 3 (Frequency: 8.3 GHz)
                      
                      
                      ------------------------------------------------------------------------------
21/Mar/2021 10:30:28    ----------------------------------------------------------------------------
                        Port   Mode   Type        Z-Wave        Z-Wave-Sigma  Z-Line        F-Cutoff
                        1      1      TE          701           0             ---           7.493
                        2      1      TE          701           0             ---           7.493
                        ----------------------------------------------------------------------------
                      
                      
                      ------------------------------------------------------------------------------
21/Mar/2021 10:30:28    Matrix setup time        :	0 s
                        Degrees of freedom       :	5364
                        Number of mesh cells     :	960
                      
                        Stimulation port         :	1
                        Mode number              :	1
                        Accuracy                 :	7.91945e-05
                        Iterations               :	10
                        Solver time              :	0 s
                      
                      
                      ------------------------------------------------------------------------------
21/Mar/2021 10:30:28    Stimulation port         :	2
                        Mode number              :	1
                        Accuracy                 :	4.27397e-05
                        Iterations               :	10
                        Solver time              :	0 s
                      
                      
                      ------------------------------------------------------------------------------
21/Mar/2021 10:30:29    Generating results       :	1 s
                      
                        Total time               :	1 s
                      
                      ------------------------------------------------------------------------------

                      ------------------------------------------------------------------------------
21/Mar/2021 10:30:29    Calculation 4 (Frequency: 7.45 GHz)
                      
                      
                      ------------------------------------------------------------------------------
21/Mar/2021 10:30:29    ----------------------------------------------------------------------------
                        Port   Mode   Type        Z-Wave        Z-Wave-Sigma  Z-Line        F-Cutoff
                        1      1      TE          876           0             ---           7.493
                        2      1      TE          876           0             ---           7.493
                        ----------------------------------------------------------------------------
                      
                      
                      ------------------------------------------------------------------------------
21/Mar/2021 10:30:29    Matrix setup time        :	0 s
                        Degrees of freedom       :	5364
                        Number of mesh cells     :	960
                      
                        Stimulation port         :	1
                        Mode number              :	1
                        Accuracy                 :	1.50157e-05
                        Iterations               :	10
                        Solver time              :	0 s
                      
                      
                      ------------------------------------------------------------------------------
21/Mar/2021 10:30:29    Stimulation port         :	2
                        Mode number              :	1
                        Accuracy                 :	1.66706e-05
                        Iterations               :	10
                        Solver time              :	0 s
                      
                      
                      ------------------------------------------------------------------------------
21/Mar/2021 10:30:29    Total time               :	0 s
                      
                      ------------------------------------------------------------------------------

                      ------------------------------------------------------------------------------
21/Mar/2021 10:30:29    Calculation 5 (Frequency: 8.8134 GHz)
                      
                      
                      ------------------------------------------------------------------------------
21/Mar/2021 10:30:29    ----------------------------------------------------------------------------
                        Port   Mode   Type        Z-Wave        Z-Wave-Sigma  Z-Line        F-Cutoff
                        1      1      TE          3.50e+003     0             ---           7.493
                        2      1      TE          3.52e+003     0             ---           7.493
                        ----------------------------------------------------------------------------
                      
                      
                      ------------------------------------------------------------------------------
21/Mar/2021 10:30:29    Matrix setup time        :	0 s
                        Degrees of freedom       :	5364
                        Number of mesh cells     :	960
                      
                        Stimulation port         :	1
                        Mode number              :	1
                        Accuracy                 :	2.93795e-05
                        Iterations               :	10
                        Solver time              :	0 s
                      
                      
                      ------------------------------------------------------------------------------
21/Mar/2021 10:30:29    Stimulation port         :	2
                        Mode number              :	1
                        Accuracy                 :	4.27913e-05
                        Iterations               :	10
                        Solver time              :	0 s
                      
                      
                      ------------------------------------------------------------------------------
21/Mar/2021 10:30:29    Total time               :	0 s
                      
                      ------------------------------------------------------------------------------

                      ------------------------------------------------------------------------------
21/Mar/2021 10:30:29    Calculation 6 (Frequency: 7.9838 GHz)
                      
                      
                      ------------------------------------------------------------------------------
21/Mar/2021 10:30:29    ----------------------------------------------------------------------------
                        Port   Mode   Type        Z-Wave        Z-Wave-Sigma  Z-Line        F-Cutoff
                        1      1      TE          716           0             ---           7.493
                        2      1      TE          715           0             ---           7.493
                        ----------------------------------------------------------------------------
                      
                      
                      ------------------------------------------------------------------------------
21/Mar/2021 10:30:30    Matrix setup time        :	0 s
                        Solver setup             :	1 s
                        Degrees of freedom       :	5364
                        Number of mesh cells     :	960
                      
                        Stimulation port         :	1
                        Mode number              :	1
                        Accuracy                 :	1.86514e-05
                        Iterations               :	10
                        Solver time              :	0 s
                      
                      
                      ------------------------------------------------------------------------------
21/Mar/2021 10:30:30    Stimulation port         :	2
                        Mode number              :	1
                        Accuracy                 :	1.97279e-05
                        Iterations               :	10
                        Solver time              :	0 s
                      
                      
                      ------------------------------------------------------------------------------
21/Mar/2021 10:30:30    Total time               :	1 s
                      
                      ------------------------------------------------------------------------------

                      ------------------------------------------------------------------------------
21/Mar/2021 10:30:30    Calculation 7 (Frequency: 9.2656 GHz)
                      
                      
                      ------------------------------------------------------------------------------
21/Mar/2021 10:30:30    ----------------------------------------------------------------------------
                        Port   Mode   Type        Z-Wave        Z-Wave-Sigma  Z-Line        F-Cutoff
                        1      1      TE          1.09e+003     0             ---           7.493
                        2      1      TE          1.09e+003     0             ---           7.493
                        ----------------------------------------------------------------------------
                      
                      
                      ------------------------------------------------------------------------------
21/Mar/2021 10:30:30    Matrix setup time        :	0 s
                        Degrees of freedom       :	5364
                        Number of mesh cells     :	960
                      
                        Stimulation port         :	1
                        Mode number              :	1
                        Accuracy                 :	6.47536e-05
                        Iterations               :	5
                        Solver time              :	0 s
                      
                      
                      ------------------------------------------------------------------------------
21/Mar/2021 10:30:30    Stimulation port         :	2
                        Mode number              :	1
                        Accuracy                 :	3.44007e-05
                        Iterations               :	5
                        Solver time              :	0 s
                      
                      
                      ------------------------------------------------------------------------------
21/Mar/2021 10:30:30    Total time               :	0 s
                      
                      ------------------------------------------------------------------------------

                      ------------------------------------------------------------------------------
21/Mar/2021 10:30:30    Calculation 8 (Frequency: 8.0892 GHz)
                      
                      
                      ------------------------------------------------------------------------------
21/Mar/2021 10:30:30    ----------------------------------------------------------------------------
                        Port   Mode   Type        Z-Wave        Z-Wave-Sigma  Z-Line        F-Cutoff
                        1      1      TE          640           0             ---           7.493
                        2      1      TE          640           0             ---           7.493
                        ----------------------------------------------------------------------------
                      
                      
                      ------------------------------------------------------------------------------
21/Mar/2021 10:30:30    Matrix setup time        :	0 s
                        Degrees of freedom       :	5364
                        Number of mesh cells     :	960
                      
                        Stimulation port         :	1
                        Mode number              :	1
                        Accuracy                 :	7.1484e-06
                        Iterations               :	5
                        Solver time              :	0 s
                      
                      
                      ------------------------------------------------------------------------------
21/Mar/2021 10:30:30    Stimulation port         :	2
                        Mode number              :	1
                        Accuracy                 :	8.73979e-06
                        Iterations               :	5
                        Solver time              :	0 s
                      
                      
                      ------------------------------------------------------------------------------
21/Mar/2021 10:30:30    Total time               :	0 s
                      
                      ------------------------------------------------------------------------------

                      ------------------------------------------------------------------------------
21/Mar/2021 10:30:30    Calculation 9 (Frequency: 7.7968 GHz)
                      
                      
                      ------------------------------------------------------------------------------
21/Mar/2021 10:30:30    ----------------------------------------------------------------------------
                        Port   Mode   Type        Z-Wave        Z-Wave-Sigma  Z-Line        F-Cutoff
                        1      1      TE          1.00e+003     0             ---           7.493
                        2      1      TE          1.00e+003     0             ---           7.493
                        ----------------------------------------------------------------------------
                      
                      
                      ------------------------------------------------------------------------------
21/Mar/2021 10:30:30    Matrix setup time        :	0 s
                        Degrees of freedom       :	5364
                        Number of mesh cells     :	960
                      
                        Stimulation port         :	1
                        Mode number              :	1
                        Accuracy                 :	7.23299e-05
                        Iterations               :	5
                        Solver time              :	0 s
                      
                      
                      ------------------------------------------------------------------------------
21/Mar/2021 10:30:30    Stimulation port         :	2
                        Mode number              :	1
                        Accuracy                 :	2.60821e-05
                        Iterations               :	5
                        Solver time              :	0 s
                      
                      
                      ------------------------------------------------------------------------------
21/Mar/2021 10:30:30    Total time               :	0 s
                      
                      ------------------------------------------------------------------------------

                      ------------------------------------------------------------------------------
21/Mar/2021 10:30:30    Calculation 10 (Frequency: 7.1848 GHz)
                      
                      
                      ------------------------------------------------------------------------------
21/Mar/2021 10:30:30    ----------------------------------------------------------------------------
                        Port   Mode   Type        Z-Wave        Z-Wave-Sigma  Z-Line        F-Cutoff
                        1      1      TE          1.36e+003     0             ---           7.493
                        2      1      TE          1.36e+003     0             ---           7.493
                        ----------------------------------------------------------------------------
                      
                      
                      ------------------------------------------------------------------------------
21/Mar/2021 10:30:31    Matrix setup time        :	0 s
                        Degrees of freedom       :	5364
                        Number of mesh cells     :	960
                      
                        Stimulation port         :	1
                        Mode number              :	1
                        Accuracy                 :	9.9568e-06
                        Iterations               :	5
                        Solver time              :	0 s
                      
                      
                      ------------------------------------------------------------------------------
21/Mar/2021 10:30:31    Stimulation port         :	2
                        Mode number              :	1
                        Accuracy                 :	9.58418e-06
                        Iterations               :	5
                        Solver time              :	0 s
                      
                      
                      ------------------------------------------------------------------------------
21/Mar/2021 10:30:31    Total time               :	1 s
                      
                      ------------------------------------------------------------------------------

                      ------------------------------------------------------------------------------
21/Mar/2021 10:30:31    Calculation 11 (Frequency: 7.5928 GHz)
                      
                      
                      ------------------------------------------------------------------------------
21/Mar/2021 10:30:31    ----------------------------------------------------------------------------
                        Port   Mode   Type        Z-Wave        Z-Wave-Sigma  Z-Line        F-Cutoff
                        1      1      TE          1.27e+003     0             ---           7.493
                        2      1      TE          1.27e+003     0             ---           7.493
                        ----------------------------------------------------------------------------
                      
                      
                      ------------------------------------------------------------------------------
21/Mar/2021 10:30:31    Matrix setup time        :	0 s
                        Degrees of freedom       :	5364
                        Number of mesh cells     :	960
                      
                        Stimulation port         :	1
                        Mode number              :	1
                        Accuracy                 :	6.26477e-05
                        Iterations               :	6
                        Solver time              :	0 s
                      
                      
                      ------------------------------------------------------------------------------
21/Mar/2021 10:30:31    Stimulation port         :	2
                        Mode number              :	1
                        Accuracy                 :	5.08072e-05
                        Iterations               :	5
                        Solver time              :	0 s
                      
                      
                      ------------------------------------------------------------------------------
21/Mar/2021 10:30:31    Total time               :	0 s
                      
                      ------------------------------------------------------------------------------

                      ------------------------------------------------------------------------------
21/Mar/2021 10:30:31    Calculation 12 (Frequency: 9.6906 GHz)
                      
                      
                      ------------------------------------------------------------------------------
21/Mar/2021 10:30:31    ----------------------------------------------------------------------------
                        Port   Mode   Type        Z-Wave        Z-Wave-Sigma  Z-Line        F-Cutoff
                        1      1      TE          2.33e+003     0             ---           7.493
                        2      1      TE          2.33e+003     0             ---           7.493
                        ----------------------------------------------------------------------------
                      
                      
                      ------------------------------------------------------------------------------
21/Mar/2021 10:30:31    Matrix setup time        :	0 s
                        Degrees of freedom       :	5364
                        Number of mesh cells     :	960
                      
                        Stimulation port         :	1
                        Mode number              :	1
                        Accuracy                 :	1.98736e-05
                        Iterations               :	5
                        Solver time              :	0 s
                      
                      
                      ------------------------------------------------------------------------------
21/Mar/2021 10:30:31    Stimulation port         :	2
                        Mode number              :	1
                        Accuracy                 :	1.32349e-05
                        Iterations               :	5
                        Solver time              :	0 s
                      
                      
                      ------------------------------------------------------------------------------
21/Mar/2021 10:30:31    Total time               :	0 s
                      
                      ------------------------------------------------------------------------------

                      ------------------------------------------------------------------------------
21/Mar/2021 10:30:31    Calculation 13 (Frequency: 7.5214 GHz)
                      
                      
                      ------------------------------------------------------------------------------
21/Mar/2021 10:30:31    ----------------------------------------------------------------------------
                        Port   Mode   Type        Z-Wave        Z-Wave-Sigma  Z-Line        F-Cutoff
                        1      1      TE          594           0             ---           7.493
                        2      1      TE          594           0             ---           7.493
                        ----------------------------------------------------------------------------
                      
                      
                      ------------------------------------------------------------------------------
21/Mar/2021 10:30:31    Matrix setup time        :	0 s
                        Degrees of freedom       :	5364
                        Number of mesh cells     :	960
                      
                        Stimulation port         :	1
                        Mode number              :	1
                        Accuracy                 :	1.51296e-05
                        Iterations               :	9
                        Solver time              :	0 s
                      
                      
                      ------------------------------------------------------------------------------
21/Mar/2021 10:30:31    Stimulation port         :	2
                        Mode number              :	1
                        Accuracy                 :	1.86604e-05
                        Iterations               :	9
                        Solver time              :	0 s
                      
                      
                      ------------------------------------------------------------------------------
21/Mar/2021 10:30:32    Generating results       :	1 s
                      
                        Total time               :	1 s
                      
                      ------------------------------------------------------------------------------

                      ------------------------------------------------------------------------------
21/Mar/2021 10:30:32    Calculation 14 (Frequency: 7.3854 GHz)
                      
                      
                      ------------------------------------------------------------------------------
21/Mar/2021 10:30:32    ----------------------------------------------------------------------------
                        Port   Mode   Type        Z-Wave        Z-Wave-Sigma  Z-Line        F-Cutoff
                        1      1      TE          4.34e+003     0             ---           7.493
                        2      1      TE          4.31e+003     0             ---           7.493
                        ----------------------------------------------------------------------------
                      
                      
                      ------------------------------------------------------------------------------
21/Mar/2021 10:30:32    Matrix setup time        :	0 s
                        Degrees of freedom       :	5364
                        Number of mesh cells     :	960
                      
                        Stimulation port         :	1
                        Mode number              :	1
                        Accuracy                 :	1.93132e-06
                        Iterations               :	5
                        Solver time              :	0 s
                      
                      
                      ------------------------------------------------------------------------------
21/Mar/2021 10:30:32    Stimulation port         :	2
                        Mode number              :	1
                        Accuracy                 :	2.86184e-06
                        Iterations               :	5
                        Solver time              :	0 s
                      
                      
                      ------------------------------------------------------------------------------
21/Mar/2021 10:30:32    Total time               :	0 s
                      
                      ------------------------------------------------------------------------------

                      ------------------------------------------------------------------------------
21/Mar/2021 10:30:32    Calculation 15 (Frequency: 7.501 GHz)
                      
                      
                      ------------------------------------------------------------------------------
21/Mar/2021 10:30:32    ----------------------------------------------------------------------------
                        Port   Mode   Type        Z-Wave        Z-Wave-Sigma  Z-Line        F-Cutoff
                        1      1      TE          2.20e+003     0             ---           7.493
                        2      1      TE          2.20e+003     0             ---           7.493
                        ----------------------------------------------------------------------------
                      
                      
                      ------------------------------------------------------------------------------
21/Mar/2021 10:30:32    Matrix setup time        :	0 s
                        Degrees of freedom       :	5364
                        Number of mesh cells     :	960
                      
                        Stimulation port         :	1
                        Mode number              :	1
                        Accuracy                 :	7.84156e-05
                        Iterations               :	5
                        Solver time              :	0 s
                      
                      
                      ------------------------------------------------------------------------------
21/Mar/2021 10:30:32    Stimulation port         :	2
                        Mode number              :	1
                        Accuracy                 :	5.35755e-05
                        Iterations               :	5
                        Solver time              :	0 s
                      
                      
                      ------------------------------------------------------------------------------
21/Mar/2021 10:30:32    Total time               :	0 s
                      
                      ------------------------------------------------------------------------------

                      ------------------------------------------------------------------------------
21/Mar/2021 10:30:32    Calculation 16 (Frequency: 7.5418 GHz)
                      
                      
                      ------------------------------------------------------------------------------
21/Mar/2021 10:30:32    ----------------------------------------------------------------------------
                        Port   Mode   Type        Z-Wave        Z-Wave-Sigma  Z-Line        F-Cutoff
                        1      1      TE          8.18e+003     0             ---           7.493
                        2      1      TE          7.97e+003     0             ---           7.493
                        ----------------------------------------------------------------------------
                      
                      
                      ------------------------------------------------------------------------------
21/Mar/2021 10:30:32    Matrix setup time        :	0 s
                        Degrees of freedom       :	5364
                        Number of mesh cells     :	960
                      
                        Stimulation port         :	1
                        Mode number              :	1
                        Accuracy                 :	4.56283e-06
                        Iterations               :	5
                        Solver time              :	0 s
                      
                      
                      ------------------------------------------------------------------------------
21/Mar/2021 10:30:32    Stimulation port         :	2
                        Mode number              :	1
                        Accuracy                 :	3.68107e-06
                        Iterations               :	5
                        Solver time              :	0 s
                      
                      
                      ------------------------------------------------------------------------------
21/Mar/2021 10:30:32    Total time               :	0 s
                      
                      ------------------------------------------------------------------------------

                      ------------------------------------------------------------------------------
21/Mar/2021 10:30:32    Calculation 17 (Frequency: 7.4874 GHz)
                      
                      
                      ------------------------------------------------------------------------------
21/Mar/2021 10:30:32    ----------------------------------------------------------------------------
                        Port   Mode   Type        Z-Wave        Z-Wave-Sigma  Z-Line        F-Cutoff
                        1      1      TE          3.32e+003     0             ---           7.493
                        2      1      TE          3.30e+003     0             ---           7.493
                        ----------------------------------------------------------------------------
                      
                      
                      ------------------------------------------------------------------------------
21/Mar/2021 10:30:33    Matrix setup time        :	0 s
                        Degrees of freedom       :	5364
                        Number of mesh cells     :	960
                      
                        Stimulation port         :	1
                        Mode number              :	1
                        Accuracy                 :	9.16744e-05
                        Iterations               :	5
                        Solver time              :	0 s
                      
                      
                      ------------------------------------------------------------------------------
21/Mar/2021 10:30:33    Stimulation port         :	2
                        Mode number              :	1
                        Accuracy                 :	3.09003e-06
                        Iterations               :	10
                        Solver time              :	1 s
                      
                      
                      ------------------------------------------------------------------------------
21/Mar/2021 10:30:33    Total time               :	1 s
                      
                      ------------------------------------------------------------------------------

                      ------------------------------------------------------------------------------
21/Mar/2021 10:30:33    Calculation 18 (Frequency: 6.8992 GHz)
                      
                      
                      ------------------------------------------------------------------------------
21/Mar/2021 10:30:33    ----------------------------------------------------------------------------
                        Port   Mode   Type        Z-Wave        Z-Wave-Sigma  Z-Line        F-Cutoff
                        1      1      TE          9.70e+003     0             ---           7.493
                        2      1      TE          1.01e+004     0             ---           7.493
                        ----------------------------------------------------------------------------
                      
                      
                      ------------------------------------------------------------------------------
21/Mar/2021 10:30:33    Matrix setup time        :	0 s
                        Degrees of freedom       :	5364
                        Number of mesh cells     :	960
                      
                        Stimulation port         :	1
                        Mode number              :	1
                        Accuracy                 :	1.22101e-06
                        Iterations               :	5
                        Solver time              :	0 s
                      
                      
                      ------------------------------------------------------------------------------
21/Mar/2021 10:30:33    Stimulation port         :	2
                        Mode number              :	1
                        Accuracy                 :	8.97808e-07
                        Iterations               :	5
                        Solver time              :	0 s
                      
                      
                      ------------------------------------------------------------------------------
21/Mar/2021 10:30:33    Total time               :	0 s
                      
                      ------------------------------------------------------------------------------

                      ------------------------------------------------------------------------------
21/Mar/2021 10:30:33    Calculation 19 (Frequency: 7.4942 GHz)
                      
                      
                      ------------------------------------------------------------------------------
21/Mar/2021 10:30:33    ----------------------------------------------------------------------------
                        Port   Mode   Type        Z-Wave        Z-Wave-Sigma  Z-Line        F-Cutoff
                        1      1      TE          889           0             ---           7.493
                        2      1      TE          889           0             ---           7.493
                        ----------------------------------------------------------------------------
                      
                      
                      ------------------------------------------------------------------------------
21/Mar/2021 10:30:33    Matrix setup time        :	0 s
                        Degrees of freedom       :	5364
                        Number of mesh cells     :	960
                      
                        Stimulation port         :	1
                        Mode number              :	1
                        Accuracy                 :	6.27633e-06
                        Iterations               :	10
                        Solver time              :	0 s
                      
                      
                      ------------------------------------------------------------------------------
21/Mar/2021 10:30:33    Stimulation port         :	2
                        Mode number              :	1
                        Accuracy                 :	5.96636e-06
                        Iterations               :	10
                        Solver time              :	0 s
                      
                      
                      ------------------------------------------------------------------------------
21/Mar/2021 10:30:33    Total time               :	0 s
                      
                      ------------------------------------------------------------------------------

                      ------------------------------------------------------------------------------
21/Mar/2021 10:30:33    Calculation 20 (Frequency: 7.4806 GHz)
                      
                      
                      ------------------------------------------------------------------------------
21/Mar/2021 10:30:33    ----------------------------------------------------------------------------
                        Port   Mode   Type        Z-Wave        Z-Wave-Sigma  Z-Line        F-Cutoff
                        1      1      TE          2.15e+004     0             ---           7.493
                        2      1      TE          1.83e+004     0             ---           7.493
                        ----------------------------------------------------------------------------
                      
                      
                      ------------------------------------------------------------------------------
21/Mar/2021 10:30:33    Matrix setup time        :	0 s
                        Degrees of freedom       :	5364
                        Number of mesh cells     :	960
                      
                        Stimulation port         :	1
                        Mode number              :	1
                        Accuracy                 :	3.33373e-06
                        Iterations               :	5
                        Solver time              :	0 s
                      
                      
                      ------------------------------------------------------------------------------
21/Mar/2021 10:30:33    Stimulation port         :	2
                        Mode number              :	1
                        Accuracy                 :	1.02009e-05
                        Iterations               :	5
                        Solver time              :	0 s
                      
                      
                      ------------------------------------------------------------------------------
21/Mar/2021 10:30:33    Total time               :	0 s
                      
                      ------------------------------------------------------------------------------

                      ------------------------------------------------------------------------------
21/Mar/2021 10:30:33    Calculation 21 (Frequency: 7.4908 GHz)
                      
                      
                      ------------------------------------------------------------------------------
21/Mar/2021 10:30:33    ----------------------------------------------------------------------------
                        Port   Mode   Type        Z-Wave        Z-Wave-Sigma  Z-Line        F-Cutoff
                        1      1      TE          6.53e+003     0             ---           7.493
                        2      1      TE          6.64e+003     0             ---           7.493
                        ----------------------------------------------------------------------------
                      
                      
                      ------------------------------------------------------------------------------
21/Mar/2021 10:30:34    Matrix setup time        :	0 s
                        Degrees of freedom       :	5364
                        Number of mesh cells     :	960
                      
                        Stimulation port         :	1
                        Mode number              :	1
                        Accuracy                 :	7.26125e-05
                        Iterations               :	5
                        Solver time              :	0 s
                      
                      
                      ------------------------------------------------------------------------------
21/Mar/2021 10:30:34    Stimulation port         :	2
                        Mode number              :	1
                        Accuracy                 :	1.01129e-05
                        Iterations               :	5
                        Solver time              :	0 s
                      
                      
                      ------------------------------------------------------------------------------
21/Mar/2021 10:30:34    Total time               :	1 s
                      
                      ------------------------------------------------------------------------------

                      ------------------------------------------------------------------------------
21/Mar/2021 10:30:34    Calculation 22 (Frequency: 7.4976 GHz)
                      
                      
                      ------------------------------------------------------------------------------
21/Mar/2021 10:30:34    ----------------------------------------------------------------------------
                        Port   Mode   Type        Z-Wave        Z-Wave-Sigma  Z-Line        F-Cutoff
                        1      1      TE          1.54e+004     0             ---           7.493
                        2      1      TE          1.71e+004     0             ---           7.493
                        ----------------------------------------------------------------------------
                      
                      
                      ------------------------------------------------------------------------------
21/Mar/2021 10:30:34    Matrix setup time        :	0 s
                        Degrees of freedom       :	5364
                        Number of mesh cells     :	960
                      
                        Stimulation port         :	1
                        Mode number              :	1
                        Accuracy                 :	3.00976e-05
                        Iterations               :	5
                        Solver time              :	0 s
                      
                      
                      ------------------------------------------------------------------------------
21/Mar/2021 10:30:34    Stimulation port         :	2
                        Mode number              :	1
                        Accuracy                 :	2.16308e-06
                        Iterations               :	5
                        Solver time              :	0 s
                      
                      
                      ------------------------------------------------------------------------------
21/Mar/2021 10:30:34    Total time               :	0 s
                      
                      ------------------------------------------------------------------------------

                      ------------------------------------------------------------------------------
21/Mar/2021 10:30:34  Finished the general purpose interpolative broadband frequency sweep:
                      All broadband sweep convergence criteria have been satisfied after
                      calculating 22 frequency samples:
                      
                        Broadband sweep error threshold value : 
                                                                0.01 (All S-Parameters) 
                        Number of error criterion checks      : 
                                                                2 (All S-Parameters) 
                        Minimum number of samples             : 3
                      
                      
                      ------------------------------------------------------------------------------
21/Mar/2021 10:30:35    Total Solver Time        :	12 s
                      ================================================================================
                      
                      
                      
                      ------------------------------------------------------------------------------
21/Mar/2021 10:30:35  Calculating remaining monitors.
                      
                      ------------------------------------------------------------------------------
21/Mar/2021 10:30:35    ----------------------------------------------------------------------------
                                            Peak memory used (kB)         Free physical memory (kB) 
                                                                          At begin     Minimum      
                        ----------------------------------------------------------------------------
                        Solver start        20000                         8329364      8329364      
                        Eq. system setup    133940                        8323420      8234392      
                        Eq. system solve    133940                        8323788      8234392      
                        Mesh refinement     133940                        8289384      8238360      
                        Solver run total    133940                        8329368      8250100      
                      
                        Computer name       tbh
                        ----------------------------------------------------------------------------
                      
                      
                      ------------------------------------------------------------------------------
21/Mar/2021 10:30:35  Running postprocessing.
                      
                      ------------------------------------------------------------------------------
21/Mar/2021 10:30:36  Postprocessing finished.
                      
                      ------------------------------------------------------------------------------
